<?xml version="1.0" encoding="UTF-8"?>
<!-- Generated by org.testng.reporters.JUnitReportReporter -->
<testsuite hostname="DESKTOP-6Q51SVF" failures="0" tests="3" name="TestCases.TC001__drag__" time="4.830" errors="0" timestamp="2022-12-06T16:05:46 IST" skipped="0">
  <testcase classname="TestCases.TC001__drag__" name="dragFromOnePlacetoAnotherPlace" time="1.614"/>
  <system-out/>
  <testcase classname="TestCases.TC001__drag__" name="dragFromOnePlacetoAnotherPlace" time="1.640"/>
  <system-out/>
  <testcase classname="TestCases.TC001__drag__" name="dragFromOnePlacetoAnotherPlace" time="1.576"/>
  <system-out/>
</testsuite> <!-- TestCases.TC001__drag__ -->
