<?xml version="1.0" encoding="UTF-8"?>
<!-- Generated by org.testng.reporters.JUnitReportReporter -->
<testsuite hostname="DESKTOP-UPOV6RS" failures="0" tests="1" name="TestCases.TC001___dranAndDrop2" time="1.586" errors="0" timestamp="2022-11-28T14:22:39 IST" skipped="0">
  <testcase classname="TestCases.TC001___dranAndDrop2" name="selectablePerformance" time="1.586"/>
  <system-out/>
</testsuite> <!-- TestCases.TC001___dranAndDrop2 -->
