<?xml version="1.0" encoding="UTF-8"?>
<!-- Generated by org.testng.reporters.JUnitReportReporter -->
<testsuite hostname="DESKTOP-6Q51SVF" failures="0" tests="3" name="TestCases.TC001__sortable" time="38.349" errors="0" timestamp="2022-12-06T16:05:46 IST" skipped="0">
  <testcase classname="TestCases.TC001__sortable" name="sortblePerformance" time="12.978"/>
  <system-out/>
  <testcase classname="TestCases.TC001__sortable" name="sortblePerformance" time="12.645"/>
  <system-out/>
  <testcase classname="TestCases.TC001__sortable" name="sortblePerformance" time="12.726"/>
  <system-out/>
</testsuite> <!-- TestCases.TC001__sortable -->
