<?xml version="1.0" encoding="UTF-8"?>
<!-- Generated by org.testng.reporters.JUnitReportReporter -->
<testsuite hostname="DESKTOP-6Q51SVF" failures="0" tests="3" name="TestCases.TC001__Resize__" time="4.813" errors="0" timestamp="2022-12-06T16:05:46 IST" skipped="0">
  <testcase classname="TestCases.TC001__Resize__" name="performResizePreformance" time="1.574"/>
  <system-out/>
  <testcase classname="TestCases.TC001__Resize__" name="performResizePreformance" time="1.548"/>
  <system-out/>
  <testcase classname="TestCases.TC001__Resize__" name="performResizePreformance" time="1.691"/>
  <system-out/>
</testsuite> <!-- TestCases.TC001__Resize__ -->
