<?xml version="1.0" encoding="UTF-8"?>
<!-- Generated by org.testng.reporters.JUnitReportReporter -->
<testsuite hostname="DESKTOP-6Q51SVF" failures="0" tests="3" name="TestCases.TC001___dranAndDrop" time="4.545" errors="0" timestamp="2022-12-06T16:05:46 IST" skipped="0">
  <testcase classname="TestCases.TC001___dranAndDrop" name="draggingPerformance" time="1.539"/>
  <system-out/>
  <testcase classname="TestCases.TC001___dranAndDrop" name="draggingPerformance" time="1.540"/>
  <system-out/>
  <testcase classname="TestCases.TC001___dranAndDrop" name="draggingPerformance" time="1.466"/>
  <system-out/>
</testsuite> <!-- TestCases.TC001___dranAndDrop -->
